0 info it worked if it ends with ok
1 verbose cli [ '/usr/local/Cellar/node/6.2.0/bin/node',
1 verbose cli   '/usr/local/bin/npm',
1 verbose cli   'run',
1 verbose cli   'test' ]
2 info using npm@3.8.9
3 info using node@v6.2.0
4 verbose run-script [ 'pretest', 'test', 'posttest' ]
5 info lifecycle jest-mocha-mongoose@0.0.1~pretest: jest-mocha-mongoose@0.0.1
6 silly lifecycle jest-mocha-mongoose@0.0.1~pretest: no script for pretest, continuing
7 info lifecycle jest-mocha-mongoose@0.0.1~test: jest-mocha-mongoose@0.0.1
8 verbose lifecycle jest-mocha-mongoose@0.0.1~test: unsafe-perm in lifecycle true
9 verbose lifecycle jest-mocha-mongoose@0.0.1~test: PATH: /usr/local/lib/node_modules/npm/bin/node-gyp-bin:/Users/nod/www/_sandbox/jest_mocha_mongoose/node_modules/.bin:/usr/local/Cellar/node/6.2.0/bin:/usr/local/bin:/usr/local/bin:/usr/local/Cellar/php54/5.4.33/bin:/Users/nod/.rvm/gems/ruby-2.1.4/bin:/Users/nod/.rvm/gems/ruby-2.1.4@global/bin:/Users/nod/.rvm/rubies/ruby-2.1.4/bin:/usr/bin:/bin:/usr/sbin:/sbin:/usr/local/bin:/Users/nod/.rvm/bin
10 verbose lifecycle jest-mocha-mongoose@0.0.1~test: CWD: /Users/nod/www/_sandbox/jest_mocha_mongoose
11 silly lifecycle jest-mocha-mongoose@0.0.1~test: Args: [ '-c', 'jest --verbose' ]
12 silly lifecycle jest-mocha-mongoose@0.0.1~test: Returned: code: 1  signal: null
13 info lifecycle jest-mocha-mongoose@0.0.1~test: Failed to exec test script
14 verbose stack Error: jest-mocha-mongoose@0.0.1 test: `jest --verbose`
14 verbose stack Exit status 1
14 verbose stack     at EventEmitter.<anonymous> (/usr/local/lib/node_modules/npm/lib/utils/lifecycle.js:245:16)
14 verbose stack     at emitTwo (events.js:106:13)
14 verbose stack     at EventEmitter.emit (events.js:191:7)
14 verbose stack     at ChildProcess.<anonymous> (/usr/local/lib/node_modules/npm/lib/utils/spawn.js:24:14)
14 verbose stack     at emitTwo (events.js:106:13)
14 verbose stack     at ChildProcess.emit (events.js:191:7)
14 verbose stack     at maybeClose (internal/child_process.js:850:16)
14 verbose stack     at Process.ChildProcess._handle.onexit (internal/child_process.js:215:5)
15 verbose pkgid jest-mocha-mongoose@0.0.1
16 verbose cwd /Users/nod/www/_sandbox/jest_mocha_mongoose
17 error Darwin 15.5.0
18 error argv "/usr/local/Cellar/node/6.2.0/bin/node" "/usr/local/bin/npm" "run" "test"
19 error node v6.2.0
20 error npm  v3.8.9
21 error code ELIFECYCLE
22 error jest-mocha-mongoose@0.0.1 test: `jest --verbose`
22 error Exit status 1
23 error Failed at the jest-mocha-mongoose@0.0.1 test script 'jest --verbose'.
23 error Make sure you have the latest version of node.js and npm installed.
23 error If you do, this is most likely a problem with the jest-mocha-mongoose package,
23 error not with npm itself.
23 error Tell the author that this fails on your system:
23 error     jest --verbose
23 error You can get information on how to open an issue for this project with:
23 error     npm bugs jest-mocha-mongoose
23 error Or if that isn't available, you can get their info via:
23 error     npm owner ls jest-mocha-mongoose
23 error There is likely additional logging output above.
24 verbose exit [ 1, true ]
